FlyThrough/Library/Bee/Android/Prj/IL2CPP/Gradle/unityLibrary/build/intermediates/manifest_merge_blame_file/release/manifest-merger-blame-release-report.txt
1<?xml version="1.0" encoding="utf-8"?>
2<manifest xmlns:android="http://schemas.android.com/apk/res/android"
3    xmlns:tools="http://schemas.android.com/tools"
4    package="com.unity3d.player"
5    android:versionCode="1"
6    android:versionName="0.1" >
7
8    <uses-sdk
9        android:minSdkVersion="22"
9-->src\main\AndroidManifest.xml
10        android:targetSdkVersion="32" />
10-->src\main\AndroidManifest.xml
11
12    <uses-feature android:glEsVersion="0x00030000" />
12-->src\main\AndroidManifest.xml:16:3-52
12-->src\main\AndroidManifest.xml:16:17-49
13    <uses-feature
13-->src\main\AndroidManifest.xml:17:3-91
14        android:name="android.hardware.vulkan.version"
14-->src\main\AndroidManifest.xml:17:17-63
15        android:required="false" />
15-->src\main\AndroidManifest.xml:17:64-88
16    <uses-feature
16-->src\main\AndroidManifest.xml:18:3-88
17        android:name="android.hardware.touchscreen"
17-->src\main\AndroidManifest.xml:18:17-60
18        android:required="false" />
18-->src\main\AndroidManifest.xml:18:61-85
19    <uses-feature
19-->src\main\AndroidManifest.xml:19:3-99
20        android:name="android.hardware.touchscreen.multitouch"
20-->src\main\AndroidManifest.xml:19:17-71
21        android:required="false" />
21-->src\main\AndroidManifest.xml:19:72-96
22    <uses-feature
22-->src\main\AndroidManifest.xml:20:3-108
23        android:name="android.hardware.touchscreen.multitouch.distinct"
23-->src\main\AndroidManifest.xml:20:17-80
24        android:required="false" />
24-->src\main\AndroidManifest.xml:20:81-105
25
26    <application android:extractNativeLibs="true" >
26-->src\main\AndroidManifest.xml:3:3-15:17
26-->src\main\AndroidManifest.xml:3:16-48
27        <activity
27-->src\main\AndroidManifest.xml:4:5-10:16
28            android:name="com.unity3d.player.UnityPlayerActivity"
28-->src\main\AndroidManifest.xml:4:15-68
29            android:configChanges="mcc|mnc|locale|touchscreen|keyboard|keyboardHidden|navigation|orientation|screenLayout|uiMode|screenSize|smallestScreenSize|fontScale|layoutDirection|density"
29-->src\main\AndroidManifest.xml:4:180-361
30            android:exported="true"
30-->src\main\AndroidManifest.xml:4:433-456
31            android:hardwareAccelerated="false"
31-->src\main\AndroidManifest.xml:4:397-432
32            android:launchMode="singleTask"
32-->src\main\AndroidManifest.xml:4:148-179
33            android:resizeableActivity="false"
33-->src\main\AndroidManifest.xml:4:362-396
34            android:screenOrientation="portrait"
34-->src\main\AndroidManifest.xml:4:111-147
35            android:theme="@style/UnityThemeSelector" >
35-->src\main\AndroidManifest.xml:4:69-110
36            <intent-filter>
36-->src\main\AndroidManifest.xml:5:7-8:23
37                <action android:name="android.intent.action.MAIN" />
37-->src\main\AndroidManifest.xml:6:9-61
37-->src\main\AndroidManifest.xml:6:17-58
38
39                <category android:name="android.intent.category.LAUNCHER" />
39-->src\main\AndroidManifest.xml:7:9-69
39-->src\main\AndroidManifest.xml:7:19-66
40            </intent-filter>
41
42            <meta-data
42-->src\main\AndroidManifest.xml:9:7-82
43                android:name="unityplayer.UnityActivity"
43-->src\main\AndroidManifest.xml:9:18-58
44                android:value="true" />
44-->src\main\AndroidManifest.xml:9:59-79
45        </activity>
46
47        <meta-data
47-->src\main\AndroidManifest.xml:11:5-69
48            android:name="unity.splash-mode"
48-->src\main\AndroidManifest.xml:11:16-48
49            android:value="0" />
49-->src\main\AndroidManifest.xml:11:49-66
50        <meta-data
50-->src\main\AndroidManifest.xml:12:5-74
51            android:name="unity.splash-enable"
51-->src\main\AndroidManifest.xml:12:16-50
52            android:value="True" />
52-->src\main\AndroidManifest.xml:12:51-71
53        <meta-data
53-->src\main\AndroidManifest.xml:13:5-78
54            android:name="unity.launch-fullscreen"
54-->src\main\AndroidManifest.xml:13:16-54
55            android:value="True" />
55-->src\main\AndroidManifest.xml:13:55-75
56        <meta-data
56-->src\main\AndroidManifest.xml:14:5-84
57            android:name="unity.allow-resizable-window"
57-->src\main\AndroidManifest.xml:14:16-59
58            android:value="False" />
58-->src\main\AndroidManifest.xml:14:60-81
59    </application>
60
61</manifest>